<?xml version="1.0" encoding="UTF-8"?>
<testsuite name="com.bytmasoft.JwtSecurityLibApplicationTests" tests="1" skipped="0" failures="0" errors="0" timestamp="2024-09-05T22:13:09" hostname="Abakar-L15" time="0.816">
  <properties/>
  <testcase name="contextLoads()" classname="com.bytmasoft.JwtSecurityLibApplicationTests" time="0.816"/>
  <system-out><![CDATA[00:13:07.161 [Test worker] INFO org.springframework.test.context.support.AnnotationConfigContextLoaderUtils -- Could not detect default configuration classes for test class [com.bytmasoft.JwtSecurityLibApplicationTests]: JwtSecurityLibApplicationTests does not declare any static, non-private, non-final, nested classes annotated with @Configuration.
00:13:07.244 [Test worker] INFO org.springframework.boot.test.context.SpringBootTestContextBootstrapper -- Found @SpringBootConfiguration com.bytmasoft.JwtSecurityLibApplication for test class com.bytmasoft.JwtSecurityLibApplicationTests

  .   ____          _            __ _ _
 /\\ / ___'_ __ _ _(_)_ __  __ _ \ \ \ \
( ( )\___ | '_ | '_| | '_ \/ _` | \ \ \ \
 \\/  ___)| |_)| | | | | || (_| |  ) ) ) )
  '  |____| .__|_| |_|_| |_\__, | / / / /
 =========|_|==============|___/=/_/_/_/

 :: Spring Boot ::                (v3.3.3)

2024-09-06T00:13:07.607+02:00  INFO 349169 --- [jwt-security-lib] [    Test worker] c.b.JwtSecurityLibApplicationTests       : Starting JwtSecurityLibApplicationTests using Java 21.0.4 with PID 349169 (started by abakar in /home/abakar/programming/git_repos/jwt-security-lib)
2024-09-06T00:13:07.610+02:00  INFO 349169 --- [jwt-security-lib] [    Test worker] c.b.JwtSecurityLibApplicationTests       : No active profile set, falling back to 1 default profile: "default"
2024-09-06T00:13:08.588+02:00  WARN 349169 --- [jwt-security-lib] [    Test worker] .s.s.UserDetailsServiceAutoConfiguration : 

Using generated security password: 5ea302ad-0039-4e51-ae61-0bd31ee1bac7

This generated password is for development use only. Your security configuration must be updated before running your application in production.

2024-09-06T00:13:08.599+02:00  INFO 349169 --- [jwt-security-lib] [    Test worker] r$InitializeUserDetailsManagerConfigurer : Global AuthenticationManager configured with UserDetailsService bean with name inMemoryUserDetailsManager
2024-09-06T00:13:09.112+02:00  INFO 349169 --- [jwt-security-lib] [    Test worker] c.b.JwtSecurityLibApplicationTests       : Started JwtSecurityLibApplicationTests in 1.758 seconds (process running for 2.646)
]]></system-out>
  <system-err><![CDATA[WARNING: A Java agent has been loaded dynamically (/home/abakar/.gradle/caches/modules-2/files-2.1/net.bytebuddy/byte-buddy-agent/1.14.19/154da3a65b4f4a909d3e5bdec55d1b2b4cbb6ce1/byte-buddy-agent-1.14.19.jar)
WARNING: If a serviceability tool is in use, please run with -XX:+EnableDynamicAgentLoading to hide this warning
WARNING: If a serviceability tool is not in use, please run with -Djdk.instrument.traceUsage for more information
WARNING: Dynamic loading of agents will be disallowed by default in a future release
]]></system-err>
</testsuite>
