<?xml version="1.0" encoding="UTF-8"?>
<testsuite name="com.bytmasoft.JwtSecurityLibApplicationTests" tests="1" skipped="0" failures="0" errors="0" timestamp="2024-10-03T18:47:12" hostname="Abakar-L15" time="0.575">
  <properties/>
  <testcase name="contextLoads()" classname="com.bytmasoft.JwtSecurityLibApplicationTests" time="0.575"/>
  <system-out><![CDATA[20:47:11.590 [Test worker] INFO org.springframework.test.context.support.AnnotationConfigContextLoaderUtils -- Could not detect default configuration classes for test class [com.bytmasoft.JwtSecurityLibApplicationTests]: JwtSecurityLibApplicationTests does not declare any static, non-private, non-final, nested classes annotated with @Configuration.
20:47:11.637 [Test worker] INFO org.springframework.boot.test.context.SpringBootTestContextBootstrapper -- Found @SpringBootConfiguration com.bytmasoft.Application for test class com.bytmasoft.JwtSecurityLibApplicationTests

  .   ____          _            __ _ _
 /\\ / ___'_ __ _ _(_)_ __  __ _ \ \ \ \
( ( )\___ | '_ | '_| | '_ \/ _` | \ \ \ \
 \\/  ___)| |_)| | | | | || (_| |  ) ) ) )
  '  |____| .__|_| |_|_| |_\__, | / / / /
 =========|_|==============|___/=/_/_/_/

 :: Spring Boot ::                (v3.3.3)

2024-10-03T20:47:11.893+02:00  INFO 624165 --- [jwt-security-lib] [    Test worker] c.b.JwtSecurityLibApplicationTests       : Starting JwtSecurityLibApplicationTests using Java 21.0.4 with PID 624165 (started by abakar in /home/abakar/programming/git_repos/dss/jwt-security-lib)
2024-10-03T20:47:11.894+02:00  INFO 624165 --- [jwt-security-lib] [    Test worker] c.b.JwtSecurityLibApplicationTests       : No active profile set, falling back to 1 default profile: "default"
2024-10-03T20:47:12.375+02:00  WARN 624165 --- [jwt-security-lib] [    Test worker] .s.s.UserDetailsServiceAutoConfiguration : 

Using generated security password: bc31c964-0717-43b4-baf1-9c89d42833c7

This generated password is for development use only. Your security configuration must be updated before running your application in production.

2024-10-03T20:47:12.379+02:00  INFO 624165 --- [jwt-security-lib] [    Test worker] r$InitializeUserDetailsManagerConfigurer : Global AuthenticationManager configured with UserDetailsService bean with name inMemoryUserDetailsManager
2024-10-03T20:47:12.709+02:00  INFO 624165 --- [jwt-security-lib] [    Test worker] c.b.JwtSecurityLibApplicationTests       : Started JwtSecurityLibApplicationTests in 1.004 seconds (process running for 1.643)
]]></system-out>
  <system-err><![CDATA[WARNING: A Java agent has been loaded dynamically (/home/abakar/.gradle/caches/modules-2/files-2.1/net.bytebuddy/byte-buddy-agent/1.14.19/154da3a65b4f4a909d3e5bdec55d1b2b4cbb6ce1/byte-buddy-agent-1.14.19.jar)
WARNING: If a serviceability tool is in use, please run with -XX:+EnableDynamicAgentLoading to hide this warning
WARNING: If a serviceability tool is not in use, please run with -Djdk.instrument.traceUsage for more information
WARNING: Dynamic loading of agents will be disallowed by default in a future release
]]></system-err>
</testsuite>
